0.000 [ Info   ][Logger] No ORO_LOGLEVEL environment variable set.
0.000 [ Info   ][Logger]  OROCOS version '2.6.0' compiled with GCC 4.6.3. Running in GNU/Linux.
0.000 [ Info   ][Logger] Orocos Logging Activated at level : [ Warning] ( 4 ) 
0.000 [ Info   ][Logger] Reference System Time is : 1383573035062997231 ticks ( 1.38357e+09 seconds ).
0.000 [ Info   ][Logger] Logging is relative to this time.
0.000 [ Info   ][Logger] RTT_COMPONENT_PATH was set to: /home/tpokorsk/ros-orocos-workspace/ . Searching in: /home/tpokorsk/ros-orocos-workspace/:/opt/ros/groovy/stacks/orocos_toolchain/install/lib/orocos
0.000 [ Info   ][Logger] plugin 'rtt' not loaded before.
0.003 [ Info   ][Logger] Loading plugin libraries from directory /opt/ros/groovy/stacks/orocos_toolchain/install/lib/orocos/gnulinux/./plugins ...
0.004 [ Info   ][Logger] Loaded RTT Service 'scripting' from 'rtt-scripting'
0.004 [ Info   ][Logger] Loaded RTT Service 'marshalling' from 'rtt-marshalling'
0.004 [ Info   ][Logger] typekit 'rtt' not loaded before.
0.005 [ Info   ][Logger] Loading typekit libraries from directory /opt/ros/groovy/stacks/orocos_toolchain/install/lib/orocos/gnulinux/./types ...
0.179 [ Info   ][TypekitRepository::Import] Loading Typekit rtt-types.
0.228 [ Info   ][Logger] Loaded RTT TypeKit/Transport 'rtt-types' from 'rtt-typekit'
0.400 [ Info   ][TypekitRepository::Import] Loading Transport CORBA://rtt-types.
0.400 [ Info   ][TypekitRepository::Import] Registered new 'CORBA' transport for ConnPolicy
0.400 [ Info   ][TypekitRepository::Import] Registered new 'CORBA' transport for TaskContext
0.400 [ Info   ][TypekitRepository::Import] Registered new 'CORBA' transport for array
0.400 [ Info   ][TypekitRepository::Import] Registered new 'CORBA' transport for bool
0.400 [ Info   ][TypekitRepository::Import] Registered new 'CORBA' transport for char
0.400 [ Info   ][TypekitRepository::Import] Registered new 'CORBA' transport for double
0.400 [ Info   ][TypekitRepository::Import] Registered new 'CORBA' transport for float
0.400 [ Info   ][TypekitRepository::Import] Registered new 'CORBA' transport for int
0.400 [ Info   ][TypekitRepository::Import] Registered new 'CORBA' transport for string
0.400 [ Info   ][TypekitRepository::Import] Registered new 'CORBA' transport for uint
0.400 [ Info   ][TypekitRepository::Import] Registered new 'CORBA' transport for void
0.400 [ Info   ][Logger] Loaded RTT TypeKit/Transport 'rtt-corba-types' from 'rtt-transport-corba'
0.490 [ Info   ][TypekitRepository::Import] Loading Transport mqueue://rtt-types.
0.490 [ Info   ][TypekitRepository::Import] Registered new 'mqueue' transport for array
0.490 [ Info   ][TypekitRepository::Import] Registered new 'mqueue' transport for bool
0.491 [ Info   ][TypekitRepository::Import] Registered new 'mqueue' transport for char
0.491 [ Info   ][TypekitRepository::Import] Registered new 'mqueue' transport for double
0.491 [ Info   ][TypekitRepository::Import] Registered new 'mqueue' transport for float
0.491 [ Info   ][TypekitRepository::Import] Registered new 'mqueue' transport for int
0.491 [ Info   ][TypekitRepository::Import] Registered new 'mqueue' transport for uint
0.491 [ Info   ][Logger] Loaded RTT TypeKit/Transport 'rtt-mqueue-transport' from 'rtt-transport-mqueue'
0.491 [ Info   ][Logger] RTT_COMPONENT_PATH was set to: /home/tpokorsk/ros-orocos-workspace/ . Searching in: /home/tpokorsk/ros-orocos-workspace/:/opt/ros/groovy/stacks/orocos_toolchain/install/lib/orocos
0.491 [ Info   ][Logger] OCL factory set for real-time logging
0.491 [ Info   ][Thread] Creating Thread for scheduler=ORO_SCHED_OTHER, priority=1, CPU affinity=0, with name='Deployer'
0.491 [ Info   ][Deployer] Thread created with scheduler type 'ORO_SCHED_OTHER', priority 0, cpu affinity 15 and period 0 (PID= 30851 ).
0.491 [ Info   ][Thread] Creating Thread for scheduler=ORO_SCHED_OTHER, priority=1, CPU affinity=0, with name='GlobalEngine'
0.492 [ Info   ][GlobalEngine] Thread created with scheduler type 'ORO_SCHED_OTHER', priority 0, cpu affinity 15 and period 0 (PID= 30852 ).
0.502 [ Info   ][Logger] No site file was found. Importing 'ocl' by default.
6.555 [ ERROR  ][DeploymentComponent::import] The ROS package 'ocl' in '/home/tpokorsk/ros-orocos-workspace/underlay_isolated/install_isolated/share/ocl' caused trouble. Bailing out.
6.558 [ Info   ][DeploymentComponent::import] Importing directory /opt/ros/groovy/stacks/orocos_toolchain/install/lib/orocos/gnulinux/ocl ...
6.620 [ Info   ][DeploymentComponent::import] Loaded component type 'OCL::HelloWorld'
6.633 [ Info   ][DeploymentComponent::import] Loaded component type 'OCL::LuaComponent'
6.652 [ Info   ][DeploymentComponent::import] Loaded multi component library '/opt/ros/groovy/stacks/orocos_toolchain/install/lib/orocos/gnulinux/ocl/liborocos-ocl-common-gnulinux.so'
6.855 [ Info   ][DeploymentComponent::import] Loaded multi component library '/opt/ros/groovy/stacks/orocos_toolchain/install/lib/orocos/gnulinux/ocl/liborocos-ocl-reporting-netcdf-gnulinux.so'
6.855 [ Info   ][DeploymentComponent::import] Loaded component type 'OCL::NetcdfReporting'
6.872 [ Info   ][DeploymentComponent::import] Loaded component type 'OCL::LuaTLSFComponent'
6.899 [ Info   ][DeploymentComponent::import] Loaded multi component library '/opt/ros/groovy/stacks/orocos_toolchain/install/lib/orocos/gnulinux/ocl/liborocos-ocl-timer-gnulinux.so'
6.899 [ Info   ][DeploymentComponent::import] Loaded multi component library '/opt/ros/groovy/stacks/orocos_toolchain/install/lib/orocos/gnulinux/ocl/liborocos-ocl-reporting-gnulinux.so'
6.962 [ Info   ][DeploymentComponent::import] Loaded multi component library '/opt/ros/groovy/stacks/orocos_toolchain/install/lib/orocos/gnulinux/ocl/liborocos-ocl-logging-gnulinux.so'
6.962 [ Info   ][DeploymentComponent::import] Loading typekit libraries from directory /opt/ros/groovy/stacks/orocos_toolchain/install/lib/orocos/gnulinux/ocl/types ...
7.069 [ Info   ][TypekitRepository::Import] Loading Typekit OCLTypekit.
7.070 [ Info   ][DeploymentComponent::import] Loaded RTT TypeKit/Transport 'OCLTypekit' from 'ocl'
7.070 [ Info   ][DeploymentComponent::import] Loading plugin libraries from directory /opt/ros/groovy/stacks/orocos_toolchain/install/lib/orocos/gnulinux/ocl/plugins ...
7.102 [ Info   ][DeploymentComponent::import] Loaded RTT Service 'LuaTLSF' from 'rttlua-tlsf-plugin'
7.129 [ Info   ][DeploymentComponent::import] Loaded RTT Service 'print' from 'print'
7.213 [ Info   ][DeploymentComponent::import] Loaded RTT Service 'os' from 'os'
7.245 [ Info   ][DeploymentComponent::import] Loaded RTT Service 'Lua' from 'rttlua-plugin'
7.246 [ Info   ][Thread] Creating Thread for scheduler=ORO_SCHED_OTHER, priority=1, CPU affinity=0, with name='TaskBrowser'
7.246 [ Info   ][TaskBrowser] Thread created with scheduler type 'ORO_SCHED_OTHER', priority 0, cpu affinity 15 and period 0 (PID= 30858 ).
7.248 [ Info   ][Logger] Entering Task Deployer
54.008 [ Info   ][Logger] Ignoring deployment shutdown function due to missing peer.
54.010 [ Info   ][DeploymentComponent::stopComponentsGroup] Stopping group 0
54.010 [ Info   ][DeploymentComponent::cleanupComponentsGroup] Cleaning up group 0
54.010 [ Info   ][Logger] Unloading group 0
54.011 [ Info   ][Logger] Kick-out of group 0 successful.
54.023 [ Info   ][Logger] Orocos Logging Deactivated.
